{"type":"server-started","port":59121,"host":"127.0.0.1","url_host":"localhost","url":"http://localhost:59121","screen_dir":"/Users/jorgecostilla/Documents/SomazStudio/.superpowers/brainstorm/85945-1776809056/content","state_dir":"/Users/jorgecostilla/Documents/SomazStudio/.superpowers/brainstorm/85945-1776809056/state"}
{"type":"screen-added","file":"/Users/jorgecostilla/Documents/SomazStudio/.superpowers/brainstorm/85945-1776809056/content/overview.html"}
{"source":"user-event","type":"click","text":"A\n    \n      Hero — jerarquía tipográfica\n      El hero actual muestra la línea 1 y línea 2 con el mismo peso visual. La línea 2 (\"becomes vision.\" / \"se convierte en visión.\") debería dominar en tamaño y peso para que el tagline impacte como remate, no como continuación.","choice":"hero","id":null,"timestamp":1776809115450}
{"source":"user-event","type":"click","text":"B\n    \n      Servicios — grid más editorial\n      La grilla 2×2 actual es funcional pero genérica. Un layout asimétrico con el servicio principal (3D Viz) más prominente y los secundarios en fila comunica mejor la jerarquía de oferta.","choice":"services","id":null,"timestamp":1776809115816}
{"source":"user-event","type":"click","text":"C\n    \n      Portfolio preview — imágenes más grandes\n      La sección \"Espacios que definen cultura\" muestra las imágenes pequeñas. Un layout tipo masonry o carousel fullwidth haría más impacto con renders de penthouse como los que tienen.","choice":"portfolio","id":null,"timestamp":1776809116152}
{"source":"user-event","type":"click","text":"D\n    \n      Stats — más peso visual\n      Los números 50+, 8+, 24h están bien pero se leen pequeños. Ampliarlos con un tamaño clamp mayor y contrastar más con la etiqueta debajo reforzaría la credibilidad.","choice":"stats","id":null,"timestamp":1776809122154}
{"source":"user-event","type":"click","text":"E\n    \n      Testimonial — más presencia\n      La cita actual es demasiado compacta. Un layout con la foto del cliente, nombre completo y empresa visible, y el texto de la cita en Cormorant grande generaría más confianza.","choice":"testimonial","id":null,"timestamp":1776809125393}
{"source":"user-event","type":"click","text":"F\n    \n      CTA final — copy más directo\n      \"¿Listo para llevar tu visión a la realidad?\" es largo. Una frase más corta como \"Empezá tu proyecto.\" o \"Tu próximo espacio, empieza acá.\" con el botón más prominente convierte mejor.","choice":"cta","id":null,"timestamp":1776809128084}
{"type":"screen-added","file":"/Users/jorgecostilla/Documents/SomazStudio/.superpowers/brainstorm/85945-1776809056/content/hero-typography.html"}
{"source":"user-event","type":"click","text":"Miami · Global\n          Where space\n          becomes vision.\n          3D visualization & interior design studio based in Miami.\n        \n      \n    \n    \n      B — Escalonado ⭐ Recomendado\n      Línea 1 pequeña/tenue como introducción, línea 2 grande/bold como remate. El ojo cae naturalmente al tagline.","choice":"b","id":null,"timestamp":1776809252924}
{"type":"screen-added","file":"/Users/jorgecostilla/Documents/SomazStudio/.superpowers/brainstorm/85945-1776809056/content/services-layout.html"}
{"source":"user-event","type":"click","text":"01 ↗3D VisualizationPhotorealistic rendersRenders fotorrealistas entregados en 48–72h.\n        02 ↗Interior DesignSpace planning & materialsDiseño de interiores completo con moodboards.\n        03 ↗Conceptual DesignVision & conceptConcepto visual antes del proyecto.\n        04 ↗Design ConsultingHourly expertiseConsultoría estratégica por hora.\n      \n    \n    \n      A — Actual (2×2 igual)\n      Los 4 servicios compiten con el mismo peso. Funcional pero sin jerarquía clara.","choice":"a","id":null,"timestamp":1776809402555}
{"type":"screen-added","file":"/Users/jorgecostilla/Documents/SomazStudio/.superpowers/brainstorm/85945-1776809056/content/portfolio-layout.html"}
{"type":"screen-added","file":"/Users/jorgecostilla/Documents/SomazStudio/.superpowers/brainstorm/85945-1776809056/content/stats.html"}
{"type":"screen-added","file":"/Users/jorgecostilla/Documents/SomazStudio/.superpowers/brainstorm/85945-1776809056/content/testimonial.html"}
{"type":"screen-added","file":"/Users/jorgecostilla/Documents/SomazStudio/.superpowers/brainstorm/85945-1776809056/content/waiting.html"}
{"type":"screen-added","file":"/Users/jorgecostilla/Documents/SomazStudio/.superpowers/brainstorm/85945-1776809056/content/testimonial-2.html"}
{"source":"user-event","type":"click","text":"Client Stories\n        “\n        Enviamos los renders al banco y aprobaron el financiamiento en la primera presentación. Las imágenes hablaron por sí solas.\n        Michael Kriger\n        Desarrollador Inmobiliario — Miami, FL\n      \n    \n    A — Actual (centrado)Texto en ~1.1rem, centrado. Sin cambios.","choice":"a","id":null,"timestamp":1776810654096}
{"type":"screen-added","file":"/Users/jorgecostilla/Documents/SomazStudio/.superpowers/brainstorm/85945-1776809056/content/cta-copy.html"}
{"type":"server-stopped","reason":"idle timeout"}
